<?xml version="1.0" encoding="UTF-8"?>
<!-- Generated by org.testng.reporters.JUnitReportReporter -->
<testsuite hostname="--DedSec--" failures="0" tests="2" name="flipkartautomation.Flipkart" time="43.822" errors="0" timestamp="2021-06-27T19:36:28 IST" skipped="0">
  <testcase classname="flipkartautomation.Flipkart" name="flipkart" time="21.511"/>
  <system-out/>
  <testcase classname="flipkartautomation.Flipkart" name="flipkart" time="22.311"/>
  <system-out/>
</testsuite> <!-- flipkartautomation.Flipkart -->
